<?xml version="1.0" encoding="UTF-8"?>
<testng-results ignored="0" total="1" passed="1" failed="0" skipped="0">
  <reporter-output>
  </reporter-output>
  <suite started-at="2024-01-20T15:31:14Z" name="Default suite" finished-at="2024-01-20T15:31:18Z" duration-ms="4480">
    <groups>
    </groups>
    <test started-at="2024-01-20T15:31:14Z" name="Default test" finished-at="2024-01-20T15:31:18Z" duration-ms="4480">
      <class name="prueba.PruebaTest">
        <test-method signature="f()[pri:0, instance:prueba.PruebaTest@4ff8d125]" started-at="2024-01-20T09:31:14Z" name="f" finished-at="2024-01-20T09:31:18Z" duration-ms="4470" status="PASS">
          <reporter-output>
          </reporter-output>
        </test-method> <!-- f -->
      </class> <!-- prueba.PruebaTest -->
    </test> <!-- Default test -->
  </suite> <!-- Default suite -->
</testng-results>
